2022-01-31 13:56:57,519 - DEBUG - Listening ...
2022-01-31 13:56:57,520 - DEBUG - Converted retries value: 3 -> Retry(total=3, connect=None, read=None, redirect=0, status=None)
2022-01-31 13:56:57,521 - DEBUG - Starting new HTTPS connection (1): api.telegram.org:443
2022-01-31 13:57:04,094 - DEBUG - https://api.telegram.org:443 "POST /bot5126764525:AAHuT8ojKuJBQqXpPlOwtzllc2LxmgdyWwI/getUpdates HTTP/1.1" 200 766
2022-01-31 13:57:04,098 - DEBUG - BQACAgIAAxkBAAMOYffOjoH2icBVhGOogiGM30clBzAAAsURAALW0cFLtxpfgfvyVQwjBA
2022-01-31 13:57:04,098 - DEBUG - Directory: dir_765494993_2022-01-31_13-57-04
2022-01-31 13:57:04,099 - DEBUG - Directory is made... dir_765494993_2022-01-31_13-57-04
2022-01-31 13:57:04,099 - DEBUG - Downloading file to dir_765494993_2022-01-31_13-57-04/input_file_2022-01-31_13-57-04.pdf
2022-01-31 13:57:04,099 - DEBUG - Converted retries value: 3 -> Retry(total=3, connect=None, read=None, redirect=0, status=None)
2022-01-31 13:57:04,196 - DEBUG - Converted retries value: 3 -> Retry(total=3, connect=None, read=None, redirect=0, status=None)
2022-01-31 13:57:04,197 - DEBUG - Starting new HTTPS connection (2): api.telegram.org:443
2022-01-31 13:57:04,502 - DEBUG - https://api.telegram.org:443 "POST /bot5126764525:AAHuT8ojKuJBQqXpPlOwtzllc2LxmgdyWwI/getFile HTTP/1.1" 200 195
2022-01-31 13:57:04,503 - DEBUG - Converted retries value: 3 -> Retry(total=3, connect=None, read=None, redirect=0, status=None)
2022-01-31 13:57:04,504 - DEBUG - Starting new HTTPS connection (1): api.telegram.org:443
2022-01-31 13:57:04,845 - DEBUG - https://api.telegram.org:443 "GET /file/bot5126764525:AAHuT8ojKuJBQqXpPlOwtzllc2LxmgdyWwI/documents/file_1.PDF HTTP/1.1" 200 2033677
2022-01-31 13:57:05,211 - DEBUG - https://api.telegram.org:443 "POST /bot5126764525:AAHuT8ojKuJBQqXpPlOwtzllc2LxmgdyWwI/getUpdates HTTP/1.1" 200 322
2022-01-31 13:57:05,312 - DEBUG - Converted retries value: 3 -> Retry(total=3, connect=None, read=None, redirect=0, status=None)
2022-01-31 13:57:05,480 - DEBUG - Converted retries value: 3 -> Retry(total=3, connect=None, read=None, redirect=0, status=None)
2022-01-31 13:57:05,580 - DEBUG - https://api.telegram.org:443 "POST /bot5126764525:AAHuT8ojKuJBQqXpPlOwtzllc2LxmgdyWwI/sendMessage HTTP/1.1" 200 539
2022-01-31 13:57:25,371 - DEBUG - https://api.telegram.org:443 "POST /bot5126764525:AAHuT8ojKuJBQqXpPlOwtzllc2LxmgdyWwI/getUpdates HTTP/1.1" 200 23
2022-01-31 13:57:25,473 - DEBUG - Converted retries value: 3 -> Retry(total=3, connect=None, read=None, redirect=0, status=None)
2022-01-31 13:57:32,603 - DEBUG - Converted retries value: 3 -> Retry(total=3, connect=None, read=None, redirect=0, status=None)
2022-01-31 13:57:32,799 - DEBUG - https://api.telegram.org:443 "POST /bot5126764525:AAHuT8ojKuJBQqXpPlOwtzllc2LxmgdyWwI/sendMessage HTTP/1.1" 200 383
2022-01-31 13:57:32,801 - DEBUG - ['text_22-01-31_13-57.txt']
2022-01-31 13:57:32,807 - DEBUG - Converted retries value: 3 -> Retry(total=3, connect=None, read=None, redirect=0, status=None)
2022-01-31 13:57:32,807 - DEBUG - Starting new HTTPS connection (1): api.telegram.org:443
2022-01-31 13:57:33,297 - DEBUG - https://api.telegram.org:443 "POST /bot5126764525:AAHuT8ojKuJBQqXpPlOwtzllc2LxmgdyWwI/sendDocument HTTP/1.1" 200 452
2022-01-31 13:57:33,301 - DEBUG - Converted retries value: 3 -> Retry(total=3, connect=None, read=None, redirect=0, status=None)
2022-01-31 13:57:33,430 - DEBUG - https://api.telegram.org:443 "POST /bot5126764525:AAHuT8ojKuJBQqXpPlOwtzllc2LxmgdyWwI/sendMessage HTTP/1.1" 200 287
2022-01-31 13:57:33,432 - DEBUG - Converted retries value: 3 -> Retry(total=3, connect=None, read=None, redirect=0, status=None)
2022-01-31 13:57:33,635 - DEBUG - https://api.telegram.org:443 "POST /bot5126764525:AAHuT8ojKuJBQqXpPlOwtzllc2LxmgdyWwI/sendMessage HTTP/1.1" 200 638
2022-01-31 13:57:33,636 - DEBUG - хай
2022-01-31 13:57:45,533 - DEBUG - https://api.telegram.org:443 "POST /bot5126764525:AAHuT8ojKuJBQqXpPlOwtzllc2LxmgdyWwI/getUpdates HTTP/1.1" 200 23
2022-01-31 13:57:45,635 - DEBUG - Converted retries value: 3 -> Retry(total=3, connect=None, read=None, redirect=0, status=None)
2022-01-31 13:57:46,423 - DEBUG - https://api.telegram.org:443 "POST /bot5126764525:AAHuT8ojKuJBQqXpPlOwtzllc2LxmgdyWwI/getUpdates HTTP/1.1" 200 316
2022-01-31 13:57:46,424 - DEBUG - Converted retries value: 3 -> Retry(total=3, connect=None, read=None, redirect=0, status=None)
2022-01-31 13:57:46,524 - DEBUG - Converted retries value: 3 -> Retry(total=3, connect=None, read=None, redirect=0, status=None)
2022-01-31 13:57:46,528 - DEBUG - https://api.telegram.org:443 "POST /bot5126764525:AAHuT8ojKuJBQqXpPlOwtzllc2LxmgdyWwI/sendMessage HTTP/1.1" 200 638
2022-01-31 13:57:46,528 - DEBUG - чм
2022-01-31 13:58:06,614 - DEBUG - https://api.telegram.org:443 "POST /bot5126764525:AAHuT8ojKuJBQqXpPlOwtzllc2LxmgdyWwI/getUpdates HTTP/1.1" 200 23
2022-01-31 13:58:06,715 - DEBUG - Converted retries value: 3 -> Retry(total=3, connect=None, read=None, redirect=0, status=None)
2022-01-31 13:58:26,783 - DEBUG - https://api.telegram.org:443 "POST /bot5126764525:AAHuT8ojKuJBQqXpPlOwtzllc2LxmgdyWwI/getUpdates HTTP/1.1" 200 23
2022-01-31 13:58:26,885 - DEBUG - Converted retries value: 3 -> Retry(total=3, connect=None, read=None, redirect=0, status=None)
2022-01-31 13:58:46,952 - DEBUG - https://api.telegram.org:443 "POST /bot5126764525:AAHuT8ojKuJBQqXpPlOwtzllc2LxmgdyWwI/getUpdates HTTP/1.1" 200 23
2022-01-31 13:58:47,054 - DEBUG - Converted retries value: 3 -> Retry(total=3, connect=None, read=None, redirect=0, status=None)
2022-01-31 13:59:07,124 - DEBUG - https://api.telegram.org:443 "POST /bot5126764525:AAHuT8ojKuJBQqXpPlOwtzllc2LxmgdyWwI/getUpdates HTTP/1.1" 200 23
2022-01-31 13:59:07,226 - DEBUG - Converted retries value: 3 -> Retry(total=3, connect=None, read=None, redirect=0, status=None)
2022-01-31 13:59:27,293 - DEBUG - https://api.telegram.org:443 "POST /bot5126764525:AAHuT8ojKuJBQqXpPlOwtzllc2LxmgdyWwI/getUpdates HTTP/1.1" 200 23
2022-01-31 13:59:27,394 - DEBUG - Converted retries value: 3 -> Retry(total=3, connect=None, read=None, redirect=0, status=None)
2022-01-31 13:59:47,463 - DEBUG - https://api.telegram.org:443 "POST /bot5126764525:AAHuT8ojKuJBQqXpPlOwtzllc2LxmgdyWwI/getUpdates HTTP/1.1" 200 23
2022-01-31 13:59:47,564 - DEBUG - Converted retries value: 3 -> Retry(total=3, connect=None, read=None, redirect=0, status=None)
2022-01-31 14:00:07,631 - DEBUG - https://api.telegram.org:443 "POST /bot5126764525:AAHuT8ojKuJBQqXpPlOwtzllc2LxmgdyWwI/getUpdates HTTP/1.1" 200 23
2022-01-31 14:00:07,733 - DEBUG - Converted retries value: 3 -> Retry(total=3, connect=None, read=None, redirect=0, status=None)
2022-01-31 14:00:27,801 - DEBUG - https://api.telegram.org:443 "POST /bot5126764525:AAHuT8ojKuJBQqXpPlOwtzllc2LxmgdyWwI/getUpdates HTTP/1.1" 200 23
2022-01-31 14:00:27,903 - DEBUG - Converted retries value: 3 -> Retry(total=3, connect=None, read=None, redirect=0, status=None)
2022-01-31 14:00:47,986 - DEBUG - https://api.telegram.org:443 "POST /bot5126764525:AAHuT8ojKuJBQqXpPlOwtzllc2LxmgdyWwI/getUpdates HTTP/1.1" 200 23
2022-01-31 14:00:48,087 - DEBUG - Converted retries value: 3 -> Retry(total=3, connect=None, read=None, redirect=0, status=None)
2022-01-31 14:01:08,154 - DEBUG - https://api.telegram.org:443 "POST /bot5126764525:AAHuT8ojKuJBQqXpPlOwtzllc2LxmgdyWwI/getUpdates HTTP/1.1" 200 23
2022-01-31 14:01:08,256 - DEBUG - Converted retries value: 3 -> Retry(total=3, connect=None, read=None, redirect=0, status=None)
2022-01-31 14:01:22,308 - DEBUG - https://api.telegram.org:443 "POST /bot5126764525:AAHuT8ojKuJBQqXpPlOwtzllc2LxmgdyWwI/getUpdates HTTP/1.1" 200 700
2022-01-31 14:01:22,309 - DEBUG - BQACAgIAAxkBAAMXYffPkCye6xzF8vSD162U0mJqoBQAAskVAALKHMFLQrb9WmOg46MjBA
2022-01-31 14:01:22,309 - DEBUG - Directory: dir_959676595_2022-01-31_14-01-22
2022-01-31 14:01:22,309 - DEBUG - Directory is made... dir_959676595_2022-01-31_14-01-22
2022-01-31 14:01:22,309 - DEBUG - Downloading file to dir_959676595_2022-01-31_14-01-22/input_file_2022-01-31_14-01-22.pdf
2022-01-31 14:01:22,310 - DEBUG - Converted retries value: 3 -> Retry(total=3, connect=None, read=None, redirect=0, status=None)
2022-01-31 14:01:22,409 - DEBUG - Converted retries value: 3 -> Retry(total=3, connect=None, read=None, redirect=0, status=None)
2022-01-31 14:01:22,580 - DEBUG - https://api.telegram.org:443 "POST /bot5126764525:AAHuT8ojKuJBQqXpPlOwtzllc2LxmgdyWwI/getFile HTTP/1.1" 200 194
2022-01-31 14:01:22,581 - DEBUG - Converted retries value: 3 -> Retry(total=3, connect=None, read=None, redirect=0, status=None)
2022-01-31 14:01:22,582 - DEBUG - Starting new HTTPS connection (1): api.telegram.org:443
2022-01-31 14:01:22,785 - DEBUG - https://api.telegram.org:443 "GET /file/bot5126764525:AAHuT8ojKuJBQqXpPlOwtzllc2LxmgdyWwI/documents/file_2.pdf HTTP/1.1" 200 396080
2022-01-31 14:01:22,946 - DEBUG - Converted retries value: 3 -> Retry(total=3, connect=None, read=None, redirect=0, status=None)
2022-01-31 14:01:23,073 - DEBUG - https://api.telegram.org:443 "POST /bot5126764525:AAHuT8ojKuJBQqXpPlOwtzllc2LxmgdyWwI/sendMessage HTTP/1.1" 200 546
2022-01-31 14:01:42,471 - DEBUG - https://api.telegram.org:443 "POST /bot5126764525:AAHuT8ojKuJBQqXpPlOwtzllc2LxmgdyWwI/getUpdates HTTP/1.1" 200 23
2022-01-31 14:01:42,574 - DEBUG - Converted retries value: 3 -> Retry(total=3, connect=None, read=None, redirect=0, status=None)
2022-01-31 14:01:56,520 - DEBUG - https://api.telegram.org:443 "POST /bot5126764525:AAHuT8ojKuJBQqXpPlOwtzllc2LxmgdyWwI/getUpdates HTTP/1.1" 200 322
2022-01-31 14:01:56,522 - DEBUG - Converted retries value: 3 -> Retry(total=3, connect=None, read=None, redirect=0, status=None)
2022-01-31 14:01:56,621 - DEBUG - Converted retries value: 3 -> Retry(total=3, connect=None, read=None, redirect=0, status=None)
2022-01-31 14:01:56,626 - DEBUG - https://api.telegram.org:443 "POST /bot5126764525:AAHuT8ojKuJBQqXpPlOwtzllc2LxmgdyWwI/sendMessage HTTP/1.1" 200 638
2022-01-31 14:01:56,626 - DEBUG - при
2022-01-31 14:02:16,688 - DEBUG - https://api.telegram.org:443 "POST /bot5126764525:AAHuT8ojKuJBQqXpPlOwtzllc2LxmgdyWwI/getUpdates HTTP/1.1" 200 23
2022-01-31 14:02:16,789 - DEBUG - Converted retries value: 3 -> Retry(total=3, connect=None, read=None, redirect=0, status=None)
2022-01-31 14:02:30,107 - DEBUG - https://api.telegram.org:443 "POST /bot5126764525:AAHuT8ojKuJBQqXpPlOwtzllc2LxmgdyWwI/getUpdates HTTP/1.1" 200 700
2022-01-31 14:02:30,107 - DEBUG - BQACAgIAAxkBAAMbYffP1XiGUjRQ81o0MEe08OQ5CfIAAsoVAALKHMFLnDdUSrPl7cUjBA
2022-01-31 14:02:30,108 - DEBUG - Directory: dir_959676595_2022-01-31_14-02-30
2022-01-31 14:02:30,108 - DEBUG - Directory is made... dir_959676595_2022-01-31_14-02-30
2022-01-31 14:02:30,108 - DEBUG - Downloading file to dir_959676595_2022-01-31_14-02-30/input_file_2022-01-31_14-02-30.pdf
2022-01-31 14:02:30,108 - DEBUG - Converted retries value: 3 -> Retry(total=3, connect=None, read=None, redirect=0, status=None)
2022-01-31 14:02:30,208 - DEBUG - Converted retries value: 3 -> Retry(total=3, connect=None, read=None, redirect=0, status=None)
2022-01-31 14:02:30,385 - DEBUG - https://api.telegram.org:443 "POST /bot5126764525:AAHuT8ojKuJBQqXpPlOwtzllc2LxmgdyWwI/getFile HTTP/1.1" 200 194
2022-01-31 14:02:30,386 - DEBUG - Converted retries value: 3 -> Retry(total=3, connect=None, read=None, redirect=0, status=None)
2022-01-31 14:02:30,386 - DEBUG - Starting new HTTPS connection (1): api.telegram.org:443
2022-01-31 14:02:30,712 - DEBUG - https://api.telegram.org:443 "GET /file/bot5126764525:AAHuT8ojKuJBQqXpPlOwtzllc2LxmgdyWwI/documents/file_3.pdf HTTP/1.1" 200 396080
2022-01-31 14:02:30,966 - DEBUG - Converted retries value: 3 -> Retry(total=3, connect=None, read=None, redirect=0, status=None)
2022-01-31 14:02:31,165 - DEBUG - https://api.telegram.org:443 "POST /bot5126764525:AAHuT8ojKuJBQqXpPlOwtzllc2LxmgdyWwI/sendMessage HTTP/1.1" 200 546
2022-01-31 14:02:50,267 - DEBUG - https://api.telegram.org:443 "POST /bot5126764525:AAHuT8ojKuJBQqXpPlOwtzllc2LxmgdyWwI/getUpdates HTTP/1.1" 200 23
2022-01-31 14:02:50,369 - DEBUG - Converted retries value: 3 -> Retry(total=3, connect=None, read=None, redirect=0, status=None)
2022-01-31 14:03:10,428 - DEBUG - https://api.telegram.org:443 "POST /bot5126764525:AAHuT8ojKuJBQqXpPlOwtzllc2LxmgdyWwI/getUpdates HTTP/1.1" 200 23
2022-01-31 14:03:10,530 - DEBUG - Converted retries value: 3 -> Retry(total=3, connect=None, read=None, redirect=0, status=None)
2022-01-31 14:03:30,593 - DEBUG - https://api.telegram.org:443 "POST /bot5126764525:AAHuT8ojKuJBQqXpPlOwtzllc2LxmgdyWwI/getUpdates HTTP/1.1" 200 23
2022-01-31 14:03:30,694 - DEBUG - Converted retries value: 3 -> Retry(total=3, connect=None, read=None, redirect=0, status=None)
2022-01-31 14:03:50,766 - DEBUG - https://api.telegram.org:443 "POST /bot5126764525:AAHuT8ojKuJBQqXpPlOwtzllc2LxmgdyWwI/getUpdates HTTP/1.1" 200 23
2022-01-31 14:03:50,867 - DEBUG - Converted retries value: 3 -> Retry(total=3, connect=None, read=None, redirect=0, status=None)
2022-01-31 14:04:10,926 - DEBUG - https://api.telegram.org:443 "POST /bot5126764525:AAHuT8ojKuJBQqXpPlOwtzllc2LxmgdyWwI/getUpdates HTTP/1.1" 200 23
2022-01-31 14:04:11,028 - DEBUG - Converted retries value: 3 -> Retry(total=3, connect=None, read=None, redirect=0, status=None)
2022-01-31 14:04:31,107 - DEBUG - https://api.telegram.org:443 "POST /bot5126764525:AAHuT8ojKuJBQqXpPlOwtzllc2LxmgdyWwI/getUpdates HTTP/1.1" 200 23
2022-01-31 14:04:31,209 - DEBUG - Converted retries value: 3 -> Retry(total=3, connect=None, read=None, redirect=0, status=None)
2022-01-31 14:04:51,274 - DEBUG - https://api.telegram.org:443 "POST /bot5126764525:AAHuT8ojKuJBQqXpPlOwtzllc2LxmgdyWwI/getUpdates HTTP/1.1" 200 23
2022-01-31 14:04:51,375 - DEBUG - Converted retries value: 3 -> Retry(total=3, connect=None, read=None, redirect=0, status=None)
2022-01-31 14:05:11,439 - DEBUG - https://api.telegram.org:443 "POST /bot5126764525:AAHuT8ojKuJBQqXpPlOwtzllc2LxmgdyWwI/getUpdates HTTP/1.1" 200 23
2022-01-31 14:05:11,541 - DEBUG - Converted retries value: 3 -> Retry(total=3, connect=None, read=None, redirect=0, status=None)
2022-01-31 14:05:31,634 - DEBUG - https://api.telegram.org:443 "POST /bot5126764525:AAHuT8ojKuJBQqXpPlOwtzllc2LxmgdyWwI/getUpdates HTTP/1.1" 200 23
2022-01-31 14:05:31,736 - DEBUG - Converted retries value: 3 -> Retry(total=3, connect=None, read=None, redirect=0, status=None)
2022-01-31 14:05:51,795 - DEBUG - https://api.telegram.org:443 "POST /bot5126764525:AAHuT8ojKuJBQqXpPlOwtzllc2LxmgdyWwI/getUpdates HTTP/1.1" 200 23
2022-01-31 14:05:51,896 - DEBUG - Converted retries value: 3 -> Retry(total=3, connect=None, read=None, redirect=0, status=None)
2022-01-31 14:06:11,968 - DEBUG - https://api.telegram.org:443 "POST /bot5126764525:AAHuT8ojKuJBQqXpPlOwtzllc2LxmgdyWwI/getUpdates HTTP/1.1" 200 23
2022-01-31 14:06:12,069 - DEBUG - Converted retries value: 3 -> Retry(total=3, connect=None, read=None, redirect=0, status=None)
2022-01-31 14:06:32,147 - DEBUG - https://api.telegram.org:443 "POST /bot5126764525:AAHuT8ojKuJBQqXpPlOwtzllc2LxmgdyWwI/getUpdates HTTP/1.1" 200 23
2022-01-31 14:06:32,248 - DEBUG - Converted retries value: 3 -> Retry(total=3, connect=None, read=None, redirect=0, status=None)
2022-01-31 14:06:52,315 - DEBUG - https://api.telegram.org:443 "POST /bot5126764525:AAHuT8ojKuJBQqXpPlOwtzllc2LxmgdyWwI/getUpdates HTTP/1.1" 200 23
2022-01-31 14:06:52,417 - DEBUG - Converted retries value: 3 -> Retry(total=3, connect=None, read=None, redirect=0, status=None)
2022-01-31 14:07:12,590 - DEBUG - https://api.telegram.org:443 "POST /bot5126764525:AAHuT8ojKuJBQqXpPlOwtzllc2LxmgdyWwI/getUpdates HTTP/1.1" 200 23
2022-01-31 14:07:12,692 - DEBUG - Converted retries value: 3 -> Retry(total=3, connect=None, read=None, redirect=0, status=None)
2022-01-31 14:07:32,773 - DEBUG - https://api.telegram.org:443 "POST /bot5126764525:AAHuT8ojKuJBQqXpPlOwtzllc2LxmgdyWwI/getUpdates HTTP/1.1" 200 23
2022-01-31 14:07:32,875 - DEBUG - Converted retries value: 3 -> Retry(total=3, connect=None, read=None, redirect=0, status=None)
2022-01-31 14:07:52,956 - DEBUG - https://api.telegram.org:443 "POST /bot5126764525:AAHuT8ojKuJBQqXpPlOwtzllc2LxmgdyWwI/getUpdates HTTP/1.1" 200 23
2022-01-31 14:07:53,057 - DEBUG - Converted retries value: 3 -> Retry(total=3, connect=None, read=None, redirect=0, status=None)
2022-01-31 14:08:13,120 - DEBUG - https://api.telegram.org:443 "POST /bot5126764525:AAHuT8ojKuJBQqXpPlOwtzllc2LxmgdyWwI/getUpdates HTTP/1.1" 200 23
2022-01-31 14:08:13,221 - DEBUG - Converted retries value: 3 -> Retry(total=3, connect=None, read=None, redirect=0, status=None)
2022-01-31 14:08:33,283 - DEBUG - https://api.telegram.org:443 "POST /bot5126764525:AAHuT8ojKuJBQqXpPlOwtzllc2LxmgdyWwI/getUpdates HTTP/1.1" 200 23
2022-01-31 14:08:33,384 - DEBUG - Converted retries value: 3 -> Retry(total=3, connect=None, read=None, redirect=0, status=None)
2022-01-31 14:08:53,457 - DEBUG - https://api.telegram.org:443 "POST /bot5126764525:AAHuT8ojKuJBQqXpPlOwtzllc2LxmgdyWwI/getUpdates HTTP/1.1" 200 23
2022-01-31 14:08:53,558 - DEBUG - Converted retries value: 3 -> Retry(total=3, connect=None, read=None, redirect=0, status=None)
2022-01-31 14:09:13,629 - DEBUG - https://api.telegram.org:443 "POST /bot5126764525:AAHuT8ojKuJBQqXpPlOwtzllc2LxmgdyWwI/getUpdates HTTP/1.1" 200 23
2022-01-31 14:09:13,731 - DEBUG - Converted retries value: 3 -> Retry(total=3, connect=None, read=None, redirect=0, status=None)
2022-01-31 14:09:33,794 - DEBUG - https://api.telegram.org:443 "POST /bot5126764525:AAHuT8ojKuJBQqXpPlOwtzllc2LxmgdyWwI/getUpdates HTTP/1.1" 200 23
2022-01-31 14:09:33,895 - DEBUG - Converted retries value: 3 -> Retry(total=3, connect=None, read=None, redirect=0, status=None)
2022-01-31 14:09:53,975 - DEBUG - https://api.telegram.org:443 "POST /bot5126764525:AAHuT8ojKuJBQqXpPlOwtzllc2LxmgdyWwI/getUpdates HTTP/1.1" 200 23
2022-01-31 14:09:54,076 - DEBUG - Converted retries value: 3 -> Retry(total=3, connect=None, read=None, redirect=0, status=None)
2022-01-31 14:10:14,136 - DEBUG - https://api.telegram.org:443 "POST /bot5126764525:AAHuT8ojKuJBQqXpPlOwtzllc2LxmgdyWwI/getUpdates HTTP/1.1" 200 23
2022-01-31 14:10:14,238 - DEBUG - Converted retries value: 3 -> Retry(total=3, connect=None, read=None, redirect=0, status=None)
2022-01-31 14:10:32,755 - DEBUG - Listening ...
2022-01-31 14:10:32,776 - DEBUG - Converted retries value: 3 -> Retry(total=3, connect=None, read=None, redirect=0, status=None)
2022-01-31 14:10:32,776 - DEBUG - Starting new HTTPS connection (1): api.telegram.org:443
2022-01-31 14:10:53,074 - DEBUG - https://api.telegram.org:443 "POST /bot5126764525:AAHuT8ojKuJBQqXpPlOwtzllc2LxmgdyWwI/getUpdates HTTP/1.1" 200 23
2022-01-31 14:10:53,175 - DEBUG - Converted retries value: 3 -> Retry(total=3, connect=None, read=None, redirect=0, status=None)
2022-01-31 14:11:13,337 - DEBUG - https://api.telegram.org:443 "POST /bot5126764525:AAHuT8ojKuJBQqXpPlOwtzllc2LxmgdyWwI/getUpdates HTTP/1.1" 200 23
2022-01-31 14:11:13,438 - DEBUG - Converted retries value: 3 -> Retry(total=3, connect=None, read=None, redirect=0, status=None)
2022-01-31 14:11:19,682 - DEBUG - https://api.telegram.org:443 "POST /bot5126764525:AAHuT8ojKuJBQqXpPlOwtzllc2LxmgdyWwI/getUpdates HTTP/1.1" 200 700
2022-01-31 14:11:19,685 - DEBUG - BQACAgIAAxkBAAMdYffR5iVzEoTC2IBrBWGcKKqzuB0AAtcVAALKHMFLt9KhpTf6SOQjBA
2022-01-31 14:11:19,685 - DEBUG - Directory: dir_959676595_2022-01-31_14-11-19
2022-01-31 14:11:19,686 - DEBUG - Directory is made... dir_959676595_2022-01-31_14-11-19
2022-01-31 14:11:19,686 - DEBUG - Downloading file to dir_959676595_2022-01-31_14-11-19/input_file_2022-01-31_14-11-19.pdf
2022-01-31 14:11:19,687 - DEBUG - Converted retries value: 3 -> Retry(total=3, connect=None, read=None, redirect=0, status=None)
2022-01-31 14:11:19,784 - DEBUG - Converted retries value: 3 -> Retry(total=3, connect=None, read=None, redirect=0, status=None)
2022-01-31 14:11:19,784 - DEBUG - Starting new HTTPS connection (2): api.telegram.org:443
2022-01-31 14:11:19,982 - DEBUG - https://api.telegram.org:443 "POST /bot5126764525:AAHuT8ojKuJBQqXpPlOwtzllc2LxmgdyWwI/getFile HTTP/1.1" 200 194
2022-01-31 14:11:19,983 - DEBUG - Converted retries value: 3 -> Retry(total=3, connect=None, read=None, redirect=0, status=None)
2022-01-31 14:11:19,983 - DEBUG - Starting new HTTPS connection (1): api.telegram.org:443
2022-01-31 14:11:20,230 - DEBUG - https://api.telegram.org:443 "GET /file/bot5126764525:AAHuT8ojKuJBQqXpPlOwtzllc2LxmgdyWwI/documents/file_4.pdf HTTP/1.1" 200 396080
2022-01-31 14:11:20,430 - DEBUG - Converted retries value: 3 -> Retry(total=3, connect=None, read=None, redirect=0, status=None)
2022-01-31 14:11:20,579 - DEBUG - https://api.telegram.org:443 "POST /bot5126764525:AAHuT8ojKuJBQqXpPlOwtzllc2LxmgdyWwI/sendMessage HTTP/1.1" 200 546
2022-01-31 14:11:26,026 - DEBUG - Converted retries value: 3 -> Retry(total=3, connect=None, read=None, redirect=0, status=None)
2022-01-31 14:11:26,213 - DEBUG - https://api.telegram.org:443 "POST /bot5126764525:AAHuT8ojKuJBQqXpPlOwtzllc2LxmgdyWwI/sendMessage HTTP/1.1" 200 390
2022-01-31 14:11:26,214 - DEBUG - ['text_22-01-31_14-11.txt']
2022-01-31 14:11:26,218 - DEBUG - Converted retries value: 3 -> Retry(total=3, connect=None, read=None, redirect=0, status=None)
2022-01-31 14:11:26,218 - DEBUG - Starting new HTTPS connection (1): api.telegram.org:443
2022-01-31 14:11:26,812 - DEBUG - https://api.telegram.org:443 "POST /bot5126764525:AAHuT8ojKuJBQqXpPlOwtzllc2LxmgdyWwI/sendDocument HTTP/1.1" 200 458
2022-01-31 14:11:26,815 - DEBUG - Converted retries value: 3 -> Retry(total=3, connect=None, read=None, redirect=0, status=None)
2022-01-31 14:11:27,104 - DEBUG - https://api.telegram.org:443 "POST /bot5126764525:AAHuT8ojKuJBQqXpPlOwtzllc2LxmgdyWwI/sendMessage HTTP/1.1" 200 294
2022-01-31 14:11:39,975 - DEBUG - https://api.telegram.org:443 "POST /bot5126764525:AAHuT8ojKuJBQqXpPlOwtzllc2LxmgdyWwI/getUpdates HTTP/1.1" 200 23
2022-01-31 14:11:40,076 - DEBUG - Converted retries value: 3 -> Retry(total=3, connect=None, read=None, redirect=0, status=None)
2022-01-31 14:11:57,468 - DEBUG - https://api.telegram.org:443 "POST /bot5126764525:AAHuT8ojKuJBQqXpPlOwtzllc2LxmgdyWwI/getUpdates HTTP/1.1" 200 308
2022-01-31 14:11:57,469 - DEBUG - Converted retries value: 3 -> Retry(total=3, connect=None, read=None, redirect=0, status=None)
2022-01-31 14:11:57,569 - DEBUG - Converted retries value: 3 -> Retry(total=3, connect=None, read=None, redirect=0, status=None)
2022-01-31 14:11:57,648 - DEBUG - https://api.telegram.org:443 "POST /bot5126764525:AAHuT8ojKuJBQqXpPlOwtzllc2LxmgdyWwI/sendMessage HTTP/1.1" 200 638
2022-01-31 14:11:57,648 - DEBUG - gffk
2022-01-31 14:12:17,651 - DEBUG - https://api.telegram.org:443 "POST /bot5126764525:AAHuT8ojKuJBQqXpPlOwtzllc2LxmgdyWwI/getUpdates HTTP/1.1" 200 23
2022-01-31 14:12:17,753 - DEBUG - Converted retries value: 3 -> Retry(total=3, connect=None, read=None, redirect=0, status=None)
2022-01-31 14:12:29,883 - DEBUG - https://api.telegram.org:443 "POST /bot5126764525:AAHuT8ojKuJBQqXpPlOwtzllc2LxmgdyWwI/getUpdates HTTP/1.1" 200 679
2022-01-31 14:12:29,884 - DEBUG - BQACAgIAAxkBAAMkYffSLX2d4swePjCOVj-3w6EVP34AAtwVAALKHMFLVjUwDtYHm7UjBA
2022-01-31 14:12:29,884 - DEBUG - Directory: dir_959676595_2022-01-31_14-12-29
2022-01-31 14:12:29,884 - DEBUG - Directory is made... dir_959676595_2022-01-31_14-12-29
2022-01-31 14:12:29,884 - DEBUG - Downloading file to dir_959676595_2022-01-31_14-12-29/input_file_2022-01-31_14-12-29.pdf
2022-01-31 14:12:29,885 - DEBUG - Converted retries value: 3 -> Retry(total=3, connect=None, read=None, redirect=0, status=None)
2022-01-31 14:12:29,984 - DEBUG - Converted retries value: 3 -> Retry(total=3, connect=None, read=None, redirect=0, status=None)
2022-01-31 14:12:30,193 - DEBUG - https://api.telegram.org:443 "POST /bot5126764525:AAHuT8ojKuJBQqXpPlOwtzllc2LxmgdyWwI/getFile HTTP/1.1" 200 194
2022-01-31 14:12:30,194 - DEBUG - Converted retries value: 3 -> Retry(total=3, connect=None, read=None, redirect=0, status=None)
2022-01-31 14:12:30,194 - DEBUG - Starting new HTTPS connection (1): api.telegram.org:443
2022-01-31 14:12:30,454 - DEBUG - https://api.telegram.org:443 "GET /file/bot5126764525:AAHuT8ojKuJBQqXpPlOwtzllc2LxmgdyWwI/documents/file_5.pdf HTTP/1.1" 200 214672
2022-01-31 14:12:30,594 - DEBUG - Converted retries value: 3 -> Retry(total=3, connect=None, read=None, redirect=0, status=None)
2022-01-31 14:12:30,782 - DEBUG - https://api.telegram.org:443 "POST /bot5126764525:AAHuT8ojKuJBQqXpPlOwtzllc2LxmgdyWwI/sendMessage HTTP/1.1" 200 546
2022-01-31 14:12:40,352 - DEBUG - Converted retries value: 3 -> Retry(total=3, connect=None, read=None, redirect=0, status=None)
2022-01-31 14:12:40,480 - DEBUG - https://api.telegram.org:443 "POST /bot5126764525:AAHuT8ojKuJBQqXpPlOwtzllc2LxmgdyWwI/sendMessage HTTP/1.1" 200 390
2022-01-31 14:12:40,481 - DEBUG - ['text_22-01-31_14-12.txt']
2022-01-31 14:12:40,481 - DEBUG - Converted retries value: 3 -> Retry(total=3, connect=None, read=None, redirect=0, status=None)
2022-01-31 14:12:40,482 - DEBUG - Starting new HTTPS connection (1): api.telegram.org:443
2022-01-31 14:12:40,847 - DEBUG - https://api.telegram.org:443 "POST /bot5126764525:AAHuT8ojKuJBQqXpPlOwtzllc2LxmgdyWwI/sendDocument HTTP/1.1" 200 459
2022-01-31 14:12:40,848 - DEBUG - Converted retries value: 3 -> Retry(total=3, connect=None, read=None, redirect=0, status=None)
2022-01-31 14:12:40,992 - DEBUG - https://api.telegram.org:443 "POST /bot5126764525:AAHuT8ojKuJBQqXpPlOwtzllc2LxmgdyWwI/sendMessage HTTP/1.1" 200 294
2022-01-31 14:12:50,045 - DEBUG - https://api.telegram.org:443 "POST /bot5126764525:AAHuT8ojKuJBQqXpPlOwtzllc2LxmgdyWwI/getUpdates HTTP/1.1" 200 23
2022-01-31 14:12:50,147 - DEBUG - Converted retries value: 3 -> Retry(total=3, connect=None, read=None, redirect=0, status=None)
2022-01-31 14:13:10,207 - DEBUG - https://api.telegram.org:443 "POST /bot5126764525:AAHuT8ojKuJBQqXpPlOwtzllc2LxmgdyWwI/getUpdates HTTP/1.1" 200 23
2022-01-31 14:13:10,308 - DEBUG - Converted retries value: 3 -> Retry(total=3, connect=None, read=None, redirect=0, status=None)
2022-01-31 14:13:30,369 - DEBUG - https://api.telegram.org:443 "POST /bot5126764525:AAHuT8ojKuJBQqXpPlOwtzllc2LxmgdyWwI/getUpdates HTTP/1.1" 200 23
2022-01-31 14:13:30,470 - DEBUG - Converted retries value: 3 -> Retry(total=3, connect=None, read=None, redirect=0, status=None)
2022-01-31 14:13:50,532 - DEBUG - https://api.telegram.org:443 "POST /bot5126764525:AAHuT8ojKuJBQqXpPlOwtzllc2LxmgdyWwI/getUpdates HTTP/1.1" 200 23
2022-01-31 14:13:50,634 - DEBUG - Converted retries value: 3 -> Retry(total=3, connect=None, read=None, redirect=0, status=None)
2022-01-31 14:14:10,696 - DEBUG - https://api.telegram.org:443 "POST /bot5126764525:AAHuT8ojKuJBQqXpPlOwtzllc2LxmgdyWwI/getUpdates HTTP/1.1" 200 23
2022-01-31 14:14:10,797 - DEBUG - Converted retries value: 3 -> Retry(total=3, connect=None, read=None, redirect=0, status=None)
2022-01-31 14:14:26,907 - DEBUG - Listening ...
2022-01-31 14:14:26,908 - DEBUG - Converted retries value: 3 -> Retry(total=3, connect=None, read=None, redirect=0, status=None)
2022-01-31 14:14:26,909 - DEBUG - Starting new HTTPS connection (1): api.telegram.org:443
2022-01-31 14:14:30,723 - DEBUG - https://api.telegram.org:443 "POST /bot5126764525:AAHuT8ojKuJBQqXpPlOwtzllc2LxmgdyWwI/getUpdates HTTP/1.1" 200 309
2022-01-31 14:14:30,725 - DEBUG - Converted retries value: 3 -> Retry(total=3, connect=None, read=None, redirect=0, status=None)
2022-01-31 14:14:30,824 - DEBUG - Converted retries value: 3 -> Retry(total=3, connect=None, read=None, redirect=0, status=None)
2022-01-31 14:14:30,824 - DEBUG - Starting new HTTPS connection (2): api.telegram.org:443
2022-01-31 14:14:30,852 - DEBUG - https://api.telegram.org:443 "POST /bot5126764525:AAHuT8ojKuJBQqXpPlOwtzllc2LxmgdyWwI/sendMessage HTTP/1.1" 200 638
2022-01-31 14:14:30,852 - DEBUG - gdfdf
2022-01-31 14:14:51,004 - DEBUG - https://api.telegram.org:443 "POST /bot5126764525:AAHuT8ojKuJBQqXpPlOwtzllc2LxmgdyWwI/getUpdates HTTP/1.1" 200 23
2022-01-31 14:14:51,106 - DEBUG - Converted retries value: 3 -> Retry(total=3, connect=None, read=None, redirect=0, status=None)
2022-01-31 14:14:58,873 - DEBUG - https://api.telegram.org:443 "POST /bot5126764525:AAHuT8ojKuJBQqXpPlOwtzllc2LxmgdyWwI/getUpdates HTTP/1.1" 200 674
2022-01-31 14:14:58,874 - DEBUG - BQACAgIAAxkBAAMrYffSwi3nM2y5EdNjms-Qn6WgHgUAAuIVAALKHMFLBE7n18rPCbEjBA
2022-01-31 14:14:58,874 - DEBUG - Directory: dir_959676595_2022-01-31_14-14-58
2022-01-31 14:14:58,875 - DEBUG - Directory is made... dir_959676595_2022-01-31_14-14-58
2022-01-31 14:14:58,875 - DEBUG - Downloading file to dir_959676595_2022-01-31_14-14-58/input_file_2022-01-31_14-14-58.pdf
2022-01-31 14:14:58,875 - DEBUG - Converted retries value: 3 -> Retry(total=3, connect=None, read=None, redirect=0, status=None)
2022-01-31 14:14:58,956 - DEBUG - https://api.telegram.org:443 "POST /bot5126764525:AAHuT8ojKuJBQqXpPlOwtzllc2LxmgdyWwI/getFile HTTP/1.1" 200 193
2022-01-31 14:14:58,957 - DEBUG - Converted retries value: 3 -> Retry(total=3, connect=None, read=None, redirect=0, status=None)
2022-01-31 14:14:58,958 - DEBUG - Starting new HTTPS connection (1): api.telegram.org:443
2022-01-31 14:14:58,974 - DEBUG - Converted retries value: 3 -> Retry(total=3, connect=None, read=None, redirect=0, status=None)
2022-01-31 14:14:59,223 - DEBUG - https://api.telegram.org:443 "GET /file/bot5126764525:AAHuT8ojKuJBQqXpPlOwtzllc2LxmgdyWwI/documents/file_6.pdf HTTP/1.1" 200 48683
2022-01-31 14:14:59,288 - DEBUG - Converted retries value: 3 -> Retry(total=3, connect=None, read=None, redirect=0, status=None)
2022-01-31 14:14:59,441 - DEBUG - https://api.telegram.org:443 "POST /bot5126764525:AAHuT8ojKuJBQqXpPlOwtzllc2LxmgdyWwI/sendMessage HTTP/1.1" 200 546
2022-01-31 14:15:08,559 - DEBUG - Converted retries value: 3 -> Retry(total=3, connect=None, read=None, redirect=0, status=None)
2022-01-31 14:15:08,649 - DEBUG - https://api.telegram.org:443 "POST /bot5126764525:AAHuT8ojKuJBQqXpPlOwtzllc2LxmgdyWwI/sendMessage HTTP/1.1" 200 390
2022-01-31 14:15:08,650 - DEBUG - ['text_22-01-31_14-15.txt']
2022-01-31 14:15:08,656 - DEBUG - Converted retries value: 3 -> Retry(total=3, connect=None, read=None, redirect=0, status=None)
2022-01-31 14:15:08,656 - DEBUG - Starting new HTTPS connection (1): api.telegram.org:443
2022-01-31 14:15:08,964 - DEBUG - https://api.telegram.org:443 "POST /bot5126764525:AAHuT8ojKuJBQqXpPlOwtzllc2LxmgdyWwI/sendDocument HTTP/1.1" 200 458
2022-01-31 14:15:08,966 - DEBUG - Converted retries value: 3 -> Retry(total=3, connect=None, read=None, redirect=0, status=None)
2022-01-31 14:15:09,067 - DEBUG - https://api.telegram.org:443 "POST /bot5126764525:AAHuT8ojKuJBQqXpPlOwtzllc2LxmgdyWwI/sendMessage HTTP/1.1" 200 294
2022-01-31 14:15:19,032 - DEBUG - https://api.telegram.org:443 "POST /bot5126764525:AAHuT8ojKuJBQqXpPlOwtzllc2LxmgdyWwI/getUpdates HTTP/1.1" 200 23
2022-01-31 14:15:19,133 - DEBUG - Converted retries value: 3 -> Retry(total=3, connect=None, read=None, redirect=0, status=None)
2022-01-31 14:15:39,192 - DEBUG - https://api.telegram.org:443 "POST /bot5126764525:AAHuT8ojKuJBQqXpPlOwtzllc2LxmgdyWwI/getUpdates HTTP/1.1" 200 23
2022-01-31 14:15:39,293 - DEBUG - Converted retries value: 3 -> Retry(total=3, connect=None, read=None, redirect=0, status=None)
2022-01-31 14:15:59,354 - DEBUG - https://api.telegram.org:443 "POST /bot5126764525:AAHuT8ojKuJBQqXpPlOwtzllc2LxmgdyWwI/getUpdates HTTP/1.1" 200 23
2022-01-31 14:15:59,455 - DEBUG - Converted retries value: 3 -> Retry(total=3, connect=None, read=None, redirect=0, status=None)
2022-01-31 14:16:19,512 - DEBUG - https://api.telegram.org:443 "POST /bot5126764525:AAHuT8ojKuJBQqXpPlOwtzllc2LxmgdyWwI/getUpdates HTTP/1.1" 200 23
2022-01-31 14:16:19,614 - DEBUG - Converted retries value: 3 -> Retry(total=3, connect=None, read=None, redirect=0, status=None)
2022-01-31 14:16:32,211 - DEBUG - Listening ...
2022-01-31 14:16:32,224 - DEBUG - Converted retries value: 3 -> Retry(total=3, connect=None, read=None, redirect=0, status=None)
2022-01-31 14:16:32,224 - DEBUG - Starting new HTTPS connection (1): api.telegram.org:443
2022-01-31 14:16:52,471 - DEBUG - https://api.telegram.org:443 "POST /bot5126764525:AAHuT8ojKuJBQqXpPlOwtzllc2LxmgdyWwI/getUpdates HTTP/1.1" 200 23
2022-01-31 14:16:52,573 - DEBUG - Converted retries value: 3 -> Retry(total=3, connect=None, read=None, redirect=0, status=None)
2022-01-31 14:17:12,639 - DEBUG - https://api.telegram.org:443 "POST /bot5126764525:AAHuT8ojKuJBQqXpPlOwtzllc2LxmgdyWwI/getUpdates HTTP/1.1" 200 23
2022-01-31 14:17:12,739 - DEBUG - Converted retries value: 3 -> Retry(total=3, connect=None, read=None, redirect=0, status=None)
2022-01-31 14:17:13,875 - DEBUG - https://api.telegram.org:443 "POST /bot5126764525:AAHuT8ojKuJBQqXpPlOwtzllc2LxmgdyWwI/getUpdates HTTP/1.1" 200 796
2022-01-31 14:17:13,878 - DEBUG - BQACAgIAAxkBAAMwYffTSDTkXxL2XVagEOfAv0TDuK0AAuUVAALKHMFLyaE9JdATHckjBA
2022-01-31 14:17:13,878 - DEBUG - Directory: dir_959676595_2022-01-31_14-17-13
2022-01-31 14:17:13,879 - DEBUG - Directory is made... dir_959676595_2022-01-31_14-17-13
2022-01-31 14:17:13,879 - DEBUG - Downloading file to dir_959676595_2022-01-31_14-17-13/input_file_2022-01-31_14-17-13.pdf
2022-01-31 14:17:13,879 - DEBUG - Converted retries value: 3 -> Retry(total=3, connect=None, read=None, redirect=0, status=None)
2022-01-31 14:17:13,977 - DEBUG - Converted retries value: 3 -> Retry(total=3, connect=None, read=None, redirect=0, status=None)
2022-01-31 14:17:13,977 - DEBUG - Starting new HTTPS connection (2): api.telegram.org:443
2022-01-31 14:17:14,277 - DEBUG - https://api.telegram.org:443 "POST /bot5126764525:AAHuT8ojKuJBQqXpPlOwtzllc2LxmgdyWwI/getFile HTTP/1.1" 200 195
2022-01-31 14:17:14,278 - DEBUG - Converted retries value: 3 -> Retry(total=3, connect=None, read=None, redirect=0, status=None)
2022-01-31 14:17:14,278 - DEBUG - Starting new HTTPS connection (1): api.telegram.org:443
2022-01-31 14:17:14,543 - DEBUG - https://api.telegram.org:443 "GET /file/bot5126764525:AAHuT8ojKuJBQqXpPlOwtzllc2LxmgdyWwI/documents/file_7.pdf HTTP/1.1" 200 2046447
2022-01-31 14:17:15,005 - DEBUG - Converted retries value: 3 -> Retry(total=3, connect=None, read=None, redirect=0, status=None)
2022-01-31 14:17:15,177 - DEBUG - https://api.telegram.org:443 "POST /bot5126764525:AAHuT8ojKuJBQqXpPlOwtzllc2LxmgdyWwI/sendMessage HTTP/1.1" 200 546
2022-01-31 14:17:34,190 - DEBUG - https://api.telegram.org:443 "POST /bot5126764525:AAHuT8ojKuJBQqXpPlOwtzllc2LxmgdyWwI/getUpdates HTTP/1.1" 200 23
2022-01-31 14:17:34,291 - DEBUG - Converted retries value: 3 -> Retry(total=3, connect=None, read=None, redirect=0, status=None)
2022-01-31 14:17:54,361 - DEBUG - https://api.telegram.org:443 "POST /bot5126764525:AAHuT8ojKuJBQqXpPlOwtzllc2LxmgdyWwI/getUpdates HTTP/1.1" 200 23
2022-01-31 14:17:54,462 - DEBUG - Converted retries value: 3 -> Retry(total=3, connect=None, read=None, redirect=0, status=None)
2022-01-31 14:18:14,531 - DEBUG - https://api.telegram.org:443 "POST /bot5126764525:AAHuT8ojKuJBQqXpPlOwtzllc2LxmgdyWwI/getUpdates HTTP/1.1" 200 23
2022-01-31 14:18:14,631 - DEBUG - Converted retries value: 3 -> Retry(total=3, connect=None, read=None, redirect=0, status=None)
2022-01-31 14:18:34,699 - DEBUG - https://api.telegram.org:443 "POST /bot5126764525:AAHuT8ojKuJBQqXpPlOwtzllc2LxmgdyWwI/getUpdates HTTP/1.1" 200 23
2022-01-31 14:18:34,800 - DEBUG - Converted retries value: 3 -> Retry(total=3, connect=None, read=None, redirect=0, status=None)
2022-01-31 14:18:54,869 - DEBUG - https://api.telegram.org:443 "POST /bot5126764525:AAHuT8ojKuJBQqXpPlOwtzllc2LxmgdyWwI/getUpdates HTTP/1.1" 200 23
2022-01-31 14:18:54,970 - DEBUG - Converted retries value: 3 -> Retry(total=3, connect=None, read=None, redirect=0, status=None)
2022-01-31 14:19:15,036 - DEBUG - https://api.telegram.org:443 "POST /bot5126764525:AAHuT8ojKuJBQqXpPlOwtzllc2LxmgdyWwI/getUpdates HTTP/1.1" 200 23
2022-01-31 14:19:15,137 - DEBUG - Converted retries value: 3 -> Retry(total=3, connect=None, read=None, redirect=0, status=None)
2022-01-31 14:19:35,204 - DEBUG - https://api.telegram.org:443 "POST /bot5126764525:AAHuT8ojKuJBQqXpPlOwtzllc2LxmgdyWwI/getUpdates HTTP/1.1" 200 23
2022-01-31 14:19:35,305 - DEBUG - Converted retries value: 3 -> Retry(total=3, connect=None, read=None, redirect=0, status=None)
2022-01-31 14:19:38,272 - DEBUG - Converted retries value: 3 -> Retry(total=3, connect=None, read=None, redirect=0, status=None)
2022-01-31 14:19:38,456 - DEBUG - https://api.telegram.org:443 "POST /bot5126764525:AAHuT8ojKuJBQqXpPlOwtzllc2LxmgdyWwI/sendMessage HTTP/1.1" 200 390
2022-01-31 14:19:38,457 - DEBUG - ['text_22-01-31_14-19.txt']
2022-01-31 14:19:38,459 - DEBUG - Converted retries value: 3 -> Retry(total=3, connect=None, read=None, redirect=0, status=None)
2022-01-31 14:19:38,459 - DEBUG - Starting new HTTPS connection (1): api.telegram.org:443
2022-01-31 14:19:38,883 - DEBUG - https://api.telegram.org:443 "POST /bot5126764525:AAHuT8ojKuJBQqXpPlOwtzllc2LxmgdyWwI/sendDocument HTTP/1.1" 200 459
2022-01-31 14:19:38,886 - DEBUG - Converted retries value: 3 -> Retry(total=3, connect=None, read=None, redirect=0, status=None)
2022-01-31 14:19:39,070 - DEBUG - https://api.telegram.org:443 "POST /bot5126764525:AAHuT8ojKuJBQqXpPlOwtzllc2LxmgdyWwI/sendMessage HTTP/1.1" 200 294
2022-01-31 14:19:55,373 - DEBUG - https://api.telegram.org:443 "POST /bot5126764525:AAHuT8ojKuJBQqXpPlOwtzllc2LxmgdyWwI/getUpdates HTTP/1.1" 200 23
2022-01-31 14:19:55,474 - DEBUG - Converted retries value: 3 -> Retry(total=3, connect=None, read=None, redirect=0, status=None)
2022-01-31 14:19:55,539 - DEBUG - https://api.telegram.org:443 "POST /bot5126764525:AAHuT8ojKuJBQqXpPlOwtzllc2LxmgdyWwI/getUpdates HTTP/1.1" 200 322
2022-01-31 14:19:55,540 - DEBUG - Converted retries value: 3 -> Retry(total=3, connect=None, read=None, redirect=0, status=None)
2022-01-31 14:19:55,641 - DEBUG - Converted retries value: 3 -> Retry(total=3, connect=None, read=None, redirect=0, status=None)
2022-01-31 14:19:55,644 - DEBUG - https://api.telegram.org:443 "POST /bot5126764525:AAHuT8ojKuJBQqXpPlOwtzllc2LxmgdyWwI/sendMessage HTTP/1.1" 200 638
2022-01-31 14:19:55,645 - DEBUG - іва
2022-01-31 14:20:15,709 - DEBUG - https://api.telegram.org:443 "POST /bot5126764525:AAHuT8ojKuJBQqXpPlOwtzllc2LxmgdyWwI/getUpdates HTTP/1.1" 200 23
2022-01-31 14:20:15,810 - DEBUG - Converted retries value: 3 -> Retry(total=3, connect=None, read=None, redirect=0, status=None)
2022-01-31 14:20:15,882 - DEBUG - https://api.telegram.org:443 "POST /bot5126764525:AAHuT8ojKuJBQqXpPlOwtzllc2LxmgdyWwI/getUpdates HTTP/1.1" 200 679
2022-01-31 14:20:15,883 - DEBUG - BQACAgIAAxkBAAM3YffT_k7JjyzjF8uj-_ovsDOkI-kAAusVAALKHMFLbx_Iw73Kt48jBA
2022-01-31 14:20:15,883 - DEBUG - Directory: dir_959676595_2022-01-31_14-20-15
2022-01-31 14:20:15,883 - DEBUG - Directory is made... dir_959676595_2022-01-31_14-20-15
2022-01-31 14:20:15,883 - DEBUG - Downloading file to dir_959676595_2022-01-31_14-20-15/input_file_2022-01-31_14-20-15.pdf
2022-01-31 14:20:15,884 - DEBUG - Converted retries value: 3 -> Retry(total=3, connect=None, read=None, redirect=0, status=None)
2022-01-31 14:20:15,983 - DEBUG - Converted retries value: 3 -> Retry(total=3, connect=None, read=None, redirect=0, status=None)
2022-01-31 14:20:16,089 - DEBUG - https://api.telegram.org:443 "POST /bot5126764525:AAHuT8ojKuJBQqXpPlOwtzllc2LxmgdyWwI/getFile HTTP/1.1" 200 194
2022-01-31 14:20:16,091 - DEBUG - Converted retries value: 3 -> Retry(total=3, connect=None, read=None, redirect=0, status=None)
2022-01-31 14:20:16,091 - DEBUG - Starting new HTTPS connection (1): api.telegram.org:443
2022-01-31 14:20:16,348 - DEBUG - https://api.telegram.org:443 "GET /file/bot5126764525:AAHuT8ojKuJBQqXpPlOwtzllc2LxmgdyWwI/documents/file_8.pdf HTTP/1.1" 200 214672
2022-01-31 14:20:16,486 - DEBUG - Converted retries value: 3 -> Retry(total=3, connect=None, read=None, redirect=0, status=None)
2022-01-31 14:20:16,581 - DEBUG - https://api.telegram.org:443 "POST /bot5126764525:AAHuT8ojKuJBQqXpPlOwtzllc2LxmgdyWwI/sendMessage HTTP/1.1" 200 546
2022-01-31 14:20:26,596 - DEBUG - Converted retries value: 3 -> Retry(total=3, connect=None, read=None, redirect=0, status=None)
2022-01-31 14:20:26,735 - DEBUG - https://api.telegram.org:443 "POST /bot5126764525:AAHuT8ojKuJBQqXpPlOwtzllc2LxmgdyWwI/sendMessage HTTP/1.1" 200 390
2022-01-31 14:20:26,735 - DEBUG - ['text_22-01-31_14-20.txt']
2022-01-31 14:20:26,736 - DEBUG - Converted retries value: 3 -> Retry(total=3, connect=None, read=None, redirect=0, status=None)
2022-01-31 14:20:26,736 - DEBUG - Starting new HTTPS connection (1): api.telegram.org:443
2022-01-31 14:20:27,115 - DEBUG - https://api.telegram.org:443 "POST /bot5126764525:AAHuT8ojKuJBQqXpPlOwtzllc2LxmgdyWwI/sendDocument HTTP/1.1" 200 458
2022-01-31 14:20:27,117 - DEBUG - Converted retries value: 3 -> Retry(total=3, connect=None, read=None, redirect=0, status=None)
2022-01-31 14:20:27,235 - DEBUG - https://api.telegram.org:443 "POST /bot5126764525:AAHuT8ojKuJBQqXpPlOwtzllc2LxmgdyWwI/sendMessage HTTP/1.1" 200 294
2022-01-31 14:20:36,051 - DEBUG - https://api.telegram.org:443 "POST /bot5126764525:AAHuT8ojKuJBQqXpPlOwtzllc2LxmgdyWwI/getUpdates HTTP/1.1" 200 23
2022-01-31 14:20:36,153 - DEBUG - Converted retries value: 3 -> Retry(total=3, connect=None, read=None, redirect=0, status=None)
2022-01-31 14:20:56,220 - DEBUG - https://api.telegram.org:443 "POST /bot5126764525:AAHuT8ojKuJBQqXpPlOwtzllc2LxmgdyWwI/getUpdates HTTP/1.1" 200 23
2022-01-31 14:20:56,322 - DEBUG - Converted retries value: 3 -> Retry(total=3, connect=None, read=None, redirect=0, status=None)
2022-01-31 14:21:16,389 - DEBUG - https://api.telegram.org:443 "POST /bot5126764525:AAHuT8ojKuJBQqXpPlOwtzllc2LxmgdyWwI/getUpdates HTTP/1.1" 200 23
2022-01-31 14:21:16,490 - DEBUG - Converted retries value: 3 -> Retry(total=3, connect=None, read=None, redirect=0, status=None)
2022-01-31 14:21:36,559 - DEBUG - https://api.telegram.org:443 "POST /bot5126764525:AAHuT8ojKuJBQqXpPlOwtzllc2LxmgdyWwI/getUpdates HTTP/1.1" 200 23
2022-01-31 14:21:36,660 - DEBUG - Converted retries value: 3 -> Retry(total=3, connect=None, read=None, redirect=0, status=None)
2022-01-31 14:21:56,728 - DEBUG - https://api.telegram.org:443 "POST /bot5126764525:AAHuT8ojKuJBQqXpPlOwtzllc2LxmgdyWwI/getUpdates HTTP/1.1" 200 23
2022-01-31 14:21:56,830 - DEBUG - Converted retries value: 3 -> Retry(total=3, connect=None, read=None, redirect=0, status=None)
2022-01-31 14:22:16,898 - DEBUG - https://api.telegram.org:443 "POST /bot5126764525:AAHuT8ojKuJBQqXpPlOwtzllc2LxmgdyWwI/getUpdates HTTP/1.1" 200 23
2022-01-31 14:22:16,999 - DEBUG - Converted retries value: 3 -> Retry(total=3, connect=None, read=None, redirect=0, status=None)
2022-01-31 14:22:37,071 - DEBUG - https://api.telegram.org:443 "POST /bot5126764525:AAHuT8ojKuJBQqXpPlOwtzllc2LxmgdyWwI/getUpdates HTTP/1.1" 200 23
2022-01-31 14:22:37,171 - DEBUG - Converted retries value: 3 -> Retry(total=3, connect=None, read=None, redirect=0, status=None)
2022-01-31 14:22:57,241 - DEBUG - https://api.telegram.org:443 "POST /bot5126764525:AAHuT8ojKuJBQqXpPlOwtzllc2LxmgdyWwI/getUpdates HTTP/1.1" 200 23
2022-01-31 14:22:57,342 - DEBUG - Converted retries value: 3 -> Retry(total=3, connect=None, read=None, redirect=0, status=None)
